<?xml version="1.0" encoding="UTF-8"?>
<!-- Generated by org.testng.reporters.JUnitReportReporter -->
<testsuite hostname="vbollibisai-lp" failures="0" tests="1" name="com.uiautomation.tests.BaseTests" time="7.329" errors="0" timestamp="31 Oct 2022 23:52:54 GMT" skipped="0">
  <testcase classname="com.uiautomation.tests.BaseTests" name="test1" time="7.329"/>
</testsuite> <!-- com.uiautomation.tests.BaseTests -->
