<?xml version="1.0" encoding="UTF-8"?>
<!-- Generated by org.testng.reporters.JUnitReportReporter -->
<testsuite hostname="vbollibisai-lp" failures="0" tests="1" name="com.uiautomation.tests.LoginPageTest" time="8.799" errors="0" timestamp="01 Nov 2022 09:45:52 GMT" skipped="0">
  <testcase classname="com.uiautomation.tests.LoginPageTest" name="test1" time="8.799"/>
</testsuite> <!-- com.uiautomation.tests.LoginPageTest -->
